<?xml version="1.0" encoding="UTF-8"?>
<!-- Generated by org.testng.reporters.JUnitReportReporter -->
<testsuite hostname="DESKTOP-FKM1UFM" failures="0" tests="1" name="actions.Test_PUT" time="3.249" errors="0" timestamp="2022-09-04T22:19:16 GMT-04:00" skipped="0">
  <testcase classname="actions.Test_PUT" name="update" time="3.249"/>
  <system-out/>
</testsuite> <!-- actions.Test_PUT -->
