<?xml version="1.0" encoding="UTF-8"?>
<!-- Generated by org.testng.reporters.JUnitReportReporter -->
<testsuite hostname="DESKTOP-FKM1UFM" failures="0" tests="1" name="actions.GetAPIS" time="2.961" errors="0" timestamp="2022-09-03T23:13:53 GMT-04:00" skipped="0">
  <testcase classname="actions.GetAPIS" name="getdetails" time="2.961"/>
  <system-out/>
</testsuite> <!-- actions.GetAPIS -->
