<?xml version="1.0" encoding="UTF-8"?>
<!-- Generated by org.testng.reporters.JUnitReportReporter -->
<testsuite hostname="DESKTOP-FKM1UFM" failures="0" tests="1" name="actions.Test_POST_WithexistingIDS" time="3.003" errors="0" timestamp="2022-09-04T21:23:53 GMT-04:00" skipped="0">
  <testcase classname="actions.Test_POST_WithexistingIDS" name="createreccord" time="3.003"/>
  <system-out/>
</testsuite> <!-- actions.Test_POST_WithexistingIDS -->
