<?xml version="1.0" encoding="UTF-8"?>
<!-- Generated by org.testng.reporters.JUnitReportReporter -->
<testsuite hostname="DESKTOP-FKM1UFM" failures="0" tests="1" name="actions.Delete_with_nonexistant_ID" time="3.609" errors="0" timestamp="2022-09-04T22:26:20 GMT-04:00" skipped="0">
  <testcase classname="actions.Delete_with_nonexistant_ID" name="del_nonexistantid" time="3.609"/>
  <system-out/>
</testsuite> <!-- actions.Delete_with_nonexistant_ID -->
