<?xml version="1.0" encoding="UTF-8"?>
<!-- Generated by org.testng.reporters.JUnitReportReporter -->
<testsuite hostname="DESKTOP-FKM1UFM" failures="0" tests="1" name="actions.Delete_test" time="2.844" errors="0" timestamp="2022-09-04T22:23:25 GMT-04:00" skipped="0">
  <testcase classname="actions.Delete_test" name="delete" time="2.844"/>
  <system-out/>
</testsuite> <!-- actions.Delete_test -->
