<?xml version="1.0" encoding="UTF-8"?>
<!-- Generated by org.testng.reporters.JUnitReportReporter -->
<testsuite hostname="DESKTOP-FKM1UFM" failures="0" tests="1" name="actions.Test_GetAPIS" time="16.841" errors="0" timestamp="2022-09-18T21:16:29 GMT-04:00" skipped="0">
  <testcase classname="actions.Test_GetAPIS" name="getdetails" time="16.841"/>
  <system-out/>
</testsuite> <!-- actions.Test_GetAPIS -->
