<?xml version="1.0" encoding="UTF-8"?>
<!-- Generated by org.testng.reporters.JUnitReportReporter -->
<testsuite hostname="DESKTOP-FKM1UFM" failures="0" tests="1" name="actions.Put_Nonexistent_JOBID" time="3.066" errors="0" timestamp="2022-09-04T22:16:24 GMT-04:00" skipped="0">
  <testcase classname="actions.Put_Nonexistent_JOBID" name="update" time="3.066"/>
  <system-out/>
</testsuite> <!-- actions.Put_Nonexistent_JOBID -->
