<?xml version="1.0" encoding="UTF-8"?>
<!-- Generated by org.testng.reporters.JUnitReportReporter -->
<testsuite hostname="DESKTOP-FKM1UFM" failures="0" tests="1" name="actions.Tests_Post_withallassignedvalues" time="2.408" errors="0" timestamp="2022-09-04T21:22:36 GMT-04:00" skipped="0">
  <testcase classname="actions.Tests_Post_withallassignedvalues" name="create_record" time="2.408"/>
  <system-out/>
</testsuite> <!-- actions.Tests_Post_withallassignedvalues -->
